<?xml version="1.0" encoding="UTF-8"?>
<robot generated="20170405 14:52:32.184" generator="Robot 3.0 (Python 2.7.10 on darwin)">
<suite source="/Users/yingzhang/Code/Robot/mort-test/test-suites/regression/ReportRegression.txt" id="s1" name="ReportRegression">
<test id="s1-t1" name="TestCreateFileDataset">
<status status="FAIL" endtime="20170405 14:52:32.342" critical="yes" starttime="20170405 14:52:32.341">Test case contains no keywords.</status>
</test>
<test id="s1-t2" name="TestSetStyleToCharts">
<kw type="setup" name="Open Browser and Login Mort Web" library="CommonFlow">
<arguments>
<arg>${web_url}</arg>
<arg>${login_user}</arg>
<arg>${login_password}</arg>
</arguments>
<kw name="Open Browser" library="Selenium2Library">
<doc>Opens a new browser instance to given URL.</doc>
<arguments>
<arg>${url}</arg>
<arg>chrome</arg>
</arguments>
<msg timestamp="20170405 14:52:32.344" level="INFO">Opening browser 'chrome' to base url 'http://127.0.0.1:3000'</msg>
<kw name="Capture Page Screenshot" library="Selenium2Library">
<doc>Takes a screenshot of the current page and embeds it into the log.</doc>
<msg timestamp="20170405 14:52:32.359" level="FAIL">No browser is open</msg>
<status status="FAIL" endtime="20170405 14:52:32.359" starttime="20170405 14:52:32.356"></status>
</kw>
<msg timestamp="20170405 14:52:32.359" level="WARN">Keyword 'Capture Page Screenshot' could not be run on failure: No browser is open</msg>
<msg timestamp="20170405 14:52:32.360" level="FAIL">WebDriverException: Message: 'chromedriver' executable needs to be in PATH. Please see https://sites.google.com/a/chromium.org/chromedriver/home
</msg>
<status status="FAIL" endtime="20170405 14:52:32.360" starttime="20170405 14:52:32.344"></status>
</kw>
<status status="FAIL" endtime="20170405 14:52:32.360" starttime="20170405 14:52:32.343"></status>
</kw>
<kw type="teardown" name="Logout and Close Browser" library="CommonFlow">
<kw name="Close Browser" library="Selenium2Library">
<doc>Closes the current browser.</doc>
<status status="PASS" endtime="20170405 14:52:32.362" starttime="20170405 14:52:32.361"></status>
</kw>
<status status="PASS" endtime="20170405 14:52:32.362" starttime="20170405 14:52:32.361"></status>
</kw>
<status status="FAIL" endtime="20170405 14:52:32.362" critical="yes" starttime="20170405 14:52:32.342">Setup failed:
WebDriverException: Message: 'chromedriver' executable needs to be in PATH. Please see https://sites.google.com/a/chromium.org/chromedriver/home
</status>
</test>
<test id="s1-t3" name="TestCopyAndMoveChart">
<kw type="setup" name="Open Browser and Login Mort Web" library="CommonFlow">
<arguments>
<arg>${web_url}</arg>
<arg>${login_user}</arg>
<arg>${login_password}</arg>
</arguments>
<kw name="Open Browser" library="Selenium2Library">
<doc>Opens a new browser instance to given URL.</doc>
<arguments>
<arg>${url}</arg>
<arg>chrome</arg>
</arguments>
<msg timestamp="20170405 14:52:32.364" level="INFO">Opening browser 'chrome' to base url 'http://127.0.0.1:3000'</msg>
<kw name="Capture Page Screenshot" library="Selenium2Library">
<doc>Takes a screenshot of the current page and embeds it into the log.</doc>
<msg timestamp="20170405 14:52:32.373" level="FAIL">No browser is open</msg>
<status status="FAIL" endtime="20170405 14:52:32.373" starttime="20170405 14:52:32.371"></status>
</kw>
<msg timestamp="20170405 14:52:32.373" level="WARN">Keyword 'Capture Page Screenshot' could not be run on failure: No browser is open</msg>
<msg timestamp="20170405 14:52:32.373" level="FAIL">WebDriverException: Message: 'chromedriver' executable needs to be in PATH. Please see https://sites.google.com/a/chromium.org/chromedriver/home
</msg>
<status status="FAIL" endtime="20170405 14:52:32.373" starttime="20170405 14:52:32.364"></status>
</kw>
<status status="FAIL" endtime="20170405 14:52:32.374" starttime="20170405 14:52:32.363"></status>
</kw>
<kw type="teardown" name="Logout and Close Browser" library="CommonFlow">
<kw name="Close Browser" library="Selenium2Library">
<doc>Closes the current browser.</doc>
<status status="PASS" endtime="20170405 14:52:32.375" starttime="20170405 14:52:32.375"></status>
</kw>
<status status="PASS" endtime="20170405 14:52:32.375" starttime="20170405 14:52:32.374"></status>
</kw>
<status status="FAIL" endtime="20170405 14:52:32.375" critical="yes" starttime="20170405 14:52:32.362">Setup failed:
WebDriverException: Message: 'chromedriver' executable needs to be in PATH. Please see https://sites.google.com/a/chromium.org/chromedriver/home
</status>
</test>
<test id="s1-t4" name="TestPublishDashboard">
<kw type="setup" name="Open Browser and Login Mort Web" library="CommonFlow">
<arguments>
<arg>${web_url}</arg>
<arg>${login_user}</arg>
<arg>${login_password}</arg>
</arguments>
<kw name="Open Browser" library="Selenium2Library">
<doc>Opens a new browser instance to given URL.</doc>
<arguments>
<arg>${url}</arg>
<arg>chrome</arg>
</arguments>
<msg timestamp="20170405 14:52:32.377" level="INFO">Opening browser 'chrome' to base url 'http://127.0.0.1:3000'</msg>
<kw name="Capture Page Screenshot" library="Selenium2Library">
<doc>Takes a screenshot of the current page and embeds it into the log.</doc>
<msg timestamp="20170405 14:52:32.388" level="FAIL">No browser is open</msg>
<status status="FAIL" endtime="20170405 14:52:32.388" starttime="20170405 14:52:32.386"></status>
</kw>
<msg timestamp="20170405 14:52:32.388" level="WARN">Keyword 'Capture Page Screenshot' could not be run on failure: No browser is open</msg>
<msg timestamp="20170405 14:52:32.389" level="FAIL">WebDriverException: Message: 'chromedriver' executable needs to be in PATH. Please see https://sites.google.com/a/chromium.org/chromedriver/home
</msg>
<status status="FAIL" endtime="20170405 14:52:32.389" starttime="20170405 14:52:32.377"></status>
</kw>
<status status="FAIL" endtime="20170405 14:52:32.389" starttime="20170405 14:52:32.376"></status>
</kw>
<kw type="teardown" name="Logout and Close Browser" library="CommonFlow">
<kw name="Close Browser" library="Selenium2Library">
<doc>Closes the current browser.</doc>
<status status="PASS" endtime="20170405 14:52:32.390" starttime="20170405 14:52:32.390"></status>
</kw>
<status status="PASS" endtime="20170405 14:52:32.390" starttime="20170405 14:52:32.389"></status>
</kw>
<status status="FAIL" endtime="20170405 14:52:32.390" critical="yes" starttime="20170405 14:52:32.376">Setup failed:
WebDriverException: Message: 'chromedriver' executable needs to be in PATH. Please see https://sites.google.com/a/chromium.org/chromedriver/home
</status>
</test>
<test id="s1-t5" name="TestDeleteViewAndReport">
<kw type="setup" name="Open Browser and Login Mort Web" library="CommonFlow">
<arguments>
<arg>${web_url}</arg>
<arg>${login_user}</arg>
<arg>${login_password}</arg>
</arguments>
<kw name="Open Browser" library="Selenium2Library">
<doc>Opens a new browser instance to given URL.</doc>
<arguments>
<arg>${url}</arg>
<arg>chrome</arg>
</arguments>
<msg timestamp="20170405 14:52:32.395" level="INFO">Opening browser 'chrome' to base url 'http://127.0.0.1:3000'</msg>
<kw name="Capture Page Screenshot" library="Selenium2Library">
<doc>Takes a screenshot of the current page and embeds it into the log.</doc>
<msg timestamp="20170405 14:52:32.409" level="FAIL">No browser is open</msg>
<status status="FAIL" endtime="20170405 14:52:32.409" starttime="20170405 14:52:32.405"></status>
</kw>
<msg timestamp="20170405 14:52:32.409" level="WARN">Keyword 'Capture Page Screenshot' could not be run on failure: No browser is open</msg>
<msg timestamp="20170405 14:52:32.410" level="FAIL">WebDriverException: Message: 'chromedriver' executable needs to be in PATH. Please see https://sites.google.com/a/chromium.org/chromedriver/home
</msg>
<status status="FAIL" endtime="20170405 14:52:32.410" starttime="20170405 14:52:32.394"></status>
</kw>
<status status="FAIL" endtime="20170405 14:52:32.410" starttime="20170405 14:52:32.393"></status>
</kw>
<kw type="teardown" name="Logout and Close Browser" library="CommonFlow">
<kw name="Close Browser" library="Selenium2Library">
<doc>Closes the current browser.</doc>
<status status="PASS" endtime="20170405 14:52:32.411" starttime="20170405 14:52:32.411"></status>
</kw>
<status status="PASS" endtime="20170405 14:52:32.411" starttime="20170405 14:52:32.411"></status>
</kw>
<status status="FAIL" endtime="20170405 14:52:32.412" critical="yes" starttime="20170405 14:52:32.392">Setup failed:
WebDriverException: Message: 'chromedriver' executable needs to be in PATH. Please see https://sites.google.com/a/chromium.org/chromedriver/home
</status>
</test>
<status status="FAIL" endtime="20170405 14:52:32.412" starttime="20170405 14:52:32.187"></status>
</suite>
<statistics>
<total>
<stat fail="5" pass="0">Critical Tests</stat>
<stat fail="5" pass="0">All Tests</stat>
</total>
<tag>
</tag>
<suite>
<stat fail="5" id="s1" name="ReportRegression" pass="0">ReportRegression</stat>
</suite>
</statistics>
<errors>
<msg timestamp="20170405 14:52:32.359" level="WARN">Keyword 'Capture Page Screenshot' could not be run on failure: No browser is open</msg>
<msg timestamp="20170405 14:52:32.373" level="WARN">Keyword 'Capture Page Screenshot' could not be run on failure: No browser is open</msg>
<msg timestamp="20170405 14:52:32.388" level="WARN">Keyword 'Capture Page Screenshot' could not be run on failure: No browser is open</msg>
<msg timestamp="20170405 14:52:32.409" level="WARN">Keyword 'Capture Page Screenshot' could not be run on failure: No browser is open</msg>
</errors>
</robot>
